------------------------------------------------------------------------------
      name:  <unnamed>
       log:  \\Client\C$\Users\du\Documents\sp24\stat230a\final_project\wfh\da
> ta\WFH_august18.log
  log type:  text
 opened on:   5 May 2024, 22:39:44

. 
. ****************************************************************************
> ********************************************************
. //Table 0
. use summary_volunteer.dta, clear

. *col (1) 
. probit volunteer children, robust

Iteration 0:   log pseudolikelihood = -688.91586  
Iteration 1:   log pseudolikelihood = -686.54962  
Iteration 2:   log pseudolikelihood = -686.54916  
Iteration 3:   log pseudolikelihood = -686.54916  

Probit regression                               Number of obs     =        994
                                                Wald chi2(1)      =       4.68
                                                Prob > chi2       =     0.0306
Log pseudolikelihood = -686.54916               Pseudo R2         =     0.0034

------------------------------------------------------------------------------
             |               Robust
   volunteer |      Coef.   Std. Err.      z    P>|z|     [95% Conf. Interval]
-------------+----------------------------------------------------------------
    children |   .3139988   .1452007     2.16   0.031     .0294107     .598587
       _cons |  -.0110184   .0415688    -0.27   0.791    -.0924917     .070455
------------------------------------------------------------------------------

. *col (2) 
. probit volunteer married, robust

Iteration 0:   log pseudolikelihood = -688.91586  
Iteration 1:   log pseudolikelihood = -686.60754  
Iteration 2:   log pseudolikelihood = -686.60742  
Iteration 3:   log pseudolikelihood = -686.60742  

Probit regression                               Number of obs     =        994
                                                Wald chi2(1)      =       4.59
                                                Prob > chi2       =     0.0322
Log pseudolikelihood = -686.60742               Pseudo R2         =     0.0034

------------------------------------------------------------------------------
             |               Robust
   volunteer |      Coef.   Std. Err.      z    P>|z|     [95% Conf. Interval]
-------------+----------------------------------------------------------------
     married |   .2397697   .1119389     2.14   0.032     .0203736    .4591659
       _cons |  -.0207911    .043166    -0.48   0.630    -.1053948    .0638127
------------------------------------------------------------------------------

. *col (3) 
. probit volunteer children married commute bedroom, robust

Iteration 0:   log pseudolikelihood = -688.91586  
Iteration 1:   log pseudolikelihood = -678.31605  
Iteration 2:   log pseudolikelihood = -678.31388  
Iteration 3:   log pseudolikelihood = -678.31388  

Probit regression                               Number of obs     =        994
                                                Wald chi2(4)      =      21.10
                                                Prob > chi2       =     0.0003
Log pseudolikelihood = -678.31388               Pseudo R2         =     0.0154

------------------------------------------------------------------------------
             |               Robust
   volunteer |      Coef.   Std. Err.      z    P>|z|     [95% Conf. Interval]
-------------+----------------------------------------------------------------
    children |   .1345505   .2089737     0.64   0.520    -.2750303    .5441314
     married |    .030167   .1627711     0.19   0.853    -.2888585    .3491924
     commute |   .0015421   .0007581     2.03   0.042     .0000563    .0030279
     bedroom |   .2375741    .088678     2.68   0.007     .0637684    .4113798
       _cons |   -.267911    .077335    -3.46   0.001    -.4194848   -.1163372
------------------------------------------------------------------------------

. *col (4) 
. probit volunteer children married commute bedroom high_educ tenure, robust

Iteration 0:   log pseudolikelihood = -688.91586  
Iteration 1:   log pseudolikelihood = -669.04389  
Iteration 2:   log pseudolikelihood = -669.03121  
Iteration 3:   log pseudolikelihood = -669.03121  

Probit regression                               Number of obs     =        994
                                                Wald chi2(6)      =      38.42
                                                Prob > chi2       =     0.0000
Log pseudolikelihood = -669.03121               Pseudo R2         =     0.0289

------------------------------------------------------------------------------
             |               Robust
   volunteer |      Coef.   Std. Err.      z    P>|z|     [95% Conf. Interval]
-------------+----------------------------------------------------------------
    children |   .1883833   .2121614     0.89   0.375    -.2274453     .604212
     married |   .1353423   .1664041     0.81   0.416    -.1908037    .4614882
     commute |   .0015602    .000776     2.01   0.044     .0000392    .0030811
     bedroom |   .2201995   .0894553     2.46   0.014     .0448704    .3955287
   high_educ |  -.2015518   .0828013    -2.43   0.015    -.3638393   -.0392644
      tenure |  -.0067222    .002008    -3.35   0.001    -.0106577   -.0027867
       _cons |  -.0268186   .0953366    -0.28   0.778    -.2136748    .1600377
------------------------------------------------------------------------------

. *col (5) 
. probit volunteer children married commute bedroom high_educ tenure grosswage

Iteration 0:   log likelihood = -688.91586  
Iteration 1:   log likelihood = -667.05565  
Iteration 2:   log likelihood = -667.02567  
Iteration 3:   log likelihood = -667.02567  

Probit regression                               Number of obs     =        994
                                                LR chi2(7)        =      43.78
                                                Prob > chi2       =     0.0000
Log likelihood = -667.02567                     Pseudo R2         =     0.0318

------------------------------------------------------------------------------
   volunteer |      Coef.   Std. Err.      z    P>|z|     [95% Conf. Interval]
-------------+----------------------------------------------------------------
    children |   .2054422    .212454     0.97   0.334      -.21096    .6218444
     married |   .1295719   .1669396     0.78   0.438    -.1976237    .4567674
     commute |   .0017861   .0007941     2.25   0.025     .0002296    .0033425
     bedroom |   .2241619   .0896425     2.50   0.012     .0484657     .399858
   high_educ |  -.2214831   .0833421    -2.66   0.008    -.3848306   -.0581357
      tenure |  -.0104037   .0027649    -3.76   0.000    -.0158229   -.0049846
   grosswage |   .1201482   .0602373     1.99   0.046     .0020853    .2382111
       _cons |  -.2908853    .163372    -1.78   0.075    -.6110886     .029318
------------------------------------------------------------------------------

. *col (6) 
. probit volunteer grosswage

Iteration 0:   log likelihood = -688.91586  
Iteration 1:   log likelihood =  -688.2808  
Iteration 2:   log likelihood =  -688.2808  

Probit regression                               Number of obs     =        994
                                                LR chi2(1)        =       1.27
                                                Prob > chi2       =     0.2597
Log likelihood =  -688.2808                     Pseudo R2         =     0.0009

------------------------------------------------------------------------------
   volunteer |      Coef.   Std. Err.      z    P>|z|     [95% Conf. Interval]
-------------+----------------------------------------------------------------
   grosswage |  -.0480368   .0426299    -1.13   0.260    -.1315899    .0355163
       _cons |   .1526028   .1283135     1.19   0.234    -.0988871    .4040927
------------------------------------------------------------------------------

. *col (7) 
. probit volunteer children married commute bedroom high_educ tenure grosswage
>  age men

Iteration 0:   log likelihood = -688.91586  
Iteration 1:   log likelihood = -666.98174  
Iteration 2:   log likelihood = -666.95222  
Iteration 3:   log likelihood = -666.95222  

Probit regression                               Number of obs     =        994
                                                LR chi2(9)        =      43.93
                                                Prob > chi2       =     0.0000
Log likelihood = -666.95222                     Pseudo R2         =     0.0319

------------------------------------------------------------------------------
   volunteer |      Coef.   Std. Err.      z    P>|z|     [95% Conf. Interval]
-------------+----------------------------------------------------------------
    children |   .2129636   .2143295     0.99   0.320    -.2071145    .6330416
     married |    .142641   .1713379     0.83   0.405     -.193175    .4784571
     commute |   .0017993   .0007996     2.25   0.024     .0002322    .0033664
     bedroom |   .2244393   .0922469     2.43   0.015     .0436388    .4052399
   high_educ |  -.2152247   .0865225    -2.49   0.013    -.3848056   -.0456437
      tenure |  -.0100613   .0029277    -3.44   0.001    -.0157995   -.0043231
   grosswage |   .1202592   .0604031     1.99   0.046     .0018713     .238647
         age |   -.005597   .0184387    -0.30   0.761    -.0417362    .0305422
         men |   .0252841   .0898933     0.28   0.779    -.1509035    .2014717
       _cons |  -.1844077   .3940282    -0.47   0.640    -.9566888    .5878734
------------------------------------------------------------------------------

. *sample mean
. sum children married commute bedroom high_educ tenure grosswage age men

    Variable |        Obs        Mean    Std. Dev.       Min        Max
-------------+---------------------------------------------------------
    children |        994     .084507    .2782867          0          1
     married |        994    .1509054    .3581369          0          1
     commute |        994    80.55412    56.42939          2        300
     bedroom |        994    .6046278    .4891766          0          1
   high_educ |        994     .417505    .4933959          0          1
-------------+---------------------------------------------------------
      tenure |        994    25.00855    20.97657          0        113
   grosswage |        994    2.861672    .9332192     .53793     7.2532
         age |        994    23.22334    3.095398         17         35
         men |        994    .3229376    .4678345          0          1

. ****************************************************************************
> ********************************************************
. 
. ****************************************************************************
> ********************************************************
. //Table 1. Characteristics of employees who volunteer to join WFH
. use summary_volunteer.dta, clear

. *col (1) 
. dprobit volunteer children, robust

Iteration 0:   log pseudolikelihood = -688.91586
Iteration 1:   log pseudolikelihood = -686.54962
Iteration 2:   log pseudolikelihood = -686.54916

Probit regression, reporting marginal effects           Number of obs =    994
                                                        Wald chi2(1)  =   4.68
                                                        Prob > chi2   = 0.0306
Log pseudolikelihood = -686.54916                       Pseudo R2     = 0.0034

------------------------------------------------------------------------------
         |               Robust
volunt~r |      dF/dx   Std. Err.      z    P>|z|     x-bar  [    95% C.I.   ]
---------+--------------------------------------------------------------------
children*|   .1234432   .0555453     2.16   0.031   .084507   .014576   .23231
---------+--------------------------------------------------------------------
  obs. P |   .5060362
 pred. P |     .50619  (at x-bar)
------------------------------------------------------------------------------
(*) dF/dx is for discrete change of dummy variable from 0 to 1
    z and P>|z| correspond to the test of the underlying coefficient being 0

. *col (2) 
. dprobit volunteer married, robust

Iteration 0:   log pseudolikelihood = -688.91586
Iteration 1:   log pseudolikelihood = -686.60754
Iteration 2:   log pseudolikelihood = -686.60742

Probit regression, reporting marginal effects           Number of obs =    994
                                                        Wald chi2(1)  =   4.59
                                                        Prob > chi2   = 0.0322
Log pseudolikelihood = -686.60742                       Pseudo R2     = 0.0034

------------------------------------------------------------------------------
         |               Robust
volunt~r |      dF/dx   Std. Err.      z    P>|z|     x-bar  [    95% C.I.   ]
---------+--------------------------------------------------------------------
 married*|   .0949605   .0437567     2.14   0.032   .150905   .009199  .180722
---------+--------------------------------------------------------------------
  obs. P |   .5060362
 pred. P |   .5061401  (at x-bar)
------------------------------------------------------------------------------
(*) dF/dx is for discrete change of dummy variable from 0 to 1
    z and P>|z| correspond to the test of the underlying coefficient being 0

. *col (3) 
. dprobit volunteer children married commute bedroom, robust

Iteration 0:   log pseudolikelihood = -688.91586
Iteration 1:   log pseudolikelihood = -678.31605
Iteration 2:   log pseudolikelihood = -678.31388

Probit regression, reporting marginal effects           Number of obs =    994
                                                        Wald chi2(4)  =  21.10
                                                        Prob > chi2   = 0.0003
Log pseudolikelihood = -678.31388                       Pseudo R2     = 0.0154

------------------------------------------------------------------------------
         |               Robust
volunt~r |      dF/dx   Std. Err.      z    P>|z|     x-bar  [    95% C.I.   ]
---------+--------------------------------------------------------------------
children*|   .0534996   .0826327     0.64   0.520   .084507  -.108457  .215457
 married*|   .0120302   .0648882     0.19   0.853   .150905  -.115148  .139209
 commute |   .0006151   .0003024     2.03   0.042   80.5541   .000022  .001208
 bedroom*|   .0945521   .0351193     2.68   0.007   .604628    .02572  .163385
---------+--------------------------------------------------------------------
  obs. P |   .5060362
 pred. P |   .5063337  (at x-bar)
------------------------------------------------------------------------------
(*) dF/dx is for discrete change of dummy variable from 0 to 1
    z and P>|z| correspond to the test of the underlying coefficient being 0

. *col (4) 
. dprobit volunteer children married commute bedroom high_educ tenure, robust

Iteration 0:   log pseudolikelihood = -688.91586
Iteration 1:   log pseudolikelihood = -669.04389
Iteration 2:   log pseudolikelihood = -669.03121

Probit regression, reporting marginal effects           Number of obs =    994
                                                        Wald chi2(6)  =  38.42
                                                        Prob > chi2   = 0.0000
Log pseudolikelihood = -669.03121                       Pseudo R2     = 0.0289

------------------------------------------------------------------------------
         |               Robust
volunt~r |      dF/dx   Std. Err.      z    P>|z|     x-bar  [    95% C.I.   ]
---------+--------------------------------------------------------------------
children*|   .0747108   .0832728     0.89   0.375   .084507  -.088501  .237922
 married*|   .0538447   .0659036     0.81   0.416   .150905  -.075324  .183013
 commute |   .0006223   .0003095     2.01   0.044   80.5541   .000016  .001229
 bedroom*|   .0876676   .0354651     2.46   0.014   .604628   .018157  .157178
high_e~c*|  -.0802716   .0328653    -2.43   0.015   .417505  -.144686 -.015857
  tenure |  -.0026814   .0008009    -3.35   0.001   25.0086  -.004251 -.001112
---------+--------------------------------------------------------------------
  obs. P |   .5060362
 pred. P |   .5064144  (at x-bar)
------------------------------------------------------------------------------
(*) dF/dx is for discrete change of dummy variable from 0 to 1
    z and P>|z| correspond to the test of the underlying coefficient being 0

. *col (5) 
. dprobit volunteer children married commute bedroom high_educ tenure grosswag
> e

Iteration 0:   log likelihood = -688.91586
Iteration 1:   log likelihood = -667.05565
Iteration 2:   log likelihood = -667.02567
Iteration 3:   log likelihood = -667.02567

Probit regression, reporting marginal effects           Number of obs =    994
                                                        LR chi2(7)    =  43.78
                                                        Prob > chi2   = 0.0000
Log likelihood = -667.02567                             Pseudo R2     = 0.0318

------------------------------------------------------------------------------
volunt~r |      dF/dx   Std. Err.      z    P>|z|     x-bar  [    95% C.I.   ]
---------+--------------------------------------------------------------------
children*|   .0813929   .0831475     0.97   0.334   .084507  -.081573  .244359
 married*|    .051557   .0661478     0.78   0.438   .150905   -.07809  .181204
 commute |   .0007124   .0003168     2.25   0.025   80.5541   .000092  .001333
 bedroom*|   .0892387   .0355317     2.50   0.012   .604628   .019598   .15888
high_e~c*|  -.0881786   .0330444    -2.66   0.008   .417505  -.152944 -.023413
  tenure |  -.0041499   .0011029    -3.76   0.000   25.0086  -.006312 -.001988
grossw~e |   .0479256   .0240277     1.99   0.046   2.86167   .000832  .095019
---------+--------------------------------------------------------------------
  obs. P |   .5060362
 pred. P |   .5066258  (at x-bar)
------------------------------------------------------------------------------
(*) dF/dx is for discrete change of dummy variable from 0 to 1
    z and P>|z| correspond to the test of the underlying coefficient being 0

. *col (6) 
. dprobit volunteer grosswage

Iteration 0:   log likelihood = -688.91586
Iteration 1:   log likelihood =  -688.2808
Iteration 2:   log likelihood =  -688.2808

Probit regression, reporting marginal effects           Number of obs =    994
                                                        LR chi2(1)    =   1.27
                                                        Prob > chi2   = 0.2597
Log likelihood =  -688.2808                             Pseudo R2     = 0.0009

------------------------------------------------------------------------------
volunt~r |      dF/dx   Std. Err.      z    P>|z|     x-bar  [    95% C.I.   ]
---------+--------------------------------------------------------------------
grossw~e |  -.0191617   .0170049    -1.13   0.260   2.86167  -.052491  .014167
---------+--------------------------------------------------------------------
  obs. P |   .5060362
 pred. P |   .5060386  (at x-bar)
------------------------------------------------------------------------------
    z and P>|z| correspond to the test of the underlying coefficient being 0

. *col (7) 
. dprobit volunteer children married commute bedroom high_educ tenure grosswag
> e age men

Iteration 0:   log likelihood = -688.91586
Iteration 1:   log likelihood = -666.98174
Iteration 2:   log likelihood = -666.95222
Iteration 3:   log likelihood = -666.95222

Probit regression, reporting marginal effects           Number of obs =    994
                                                        LR chi2(9)    =  43.93
                                                        Prob > chi2   = 0.0000
Log likelihood = -666.95222                             Pseudo R2     = 0.0319

------------------------------------------------------------------------------
volunt~r |      dF/dx   Std. Err.      z    P>|z|     x-bar  [    95% C.I.   ]
---------+--------------------------------------------------------------------
children*|   .0843347   .0837718     0.99   0.320   .084507  -.079855  .248524
 married*|   .0567323   .0678061     0.83   0.405   .150905  -.076165   .18963
 commute |   .0007177   .0003189     2.25   0.024   80.5541   .000093  .001343
 bedroom*|   .0893487   .0365634     2.43   0.015   .604628   .017686  .161012
high_e~c*|  -.0856967   .0343175    -2.49   0.013   .417505  -.152958 -.018436
  tenure |  -.0040133   .0011678    -3.44   0.001   25.0086  -.006302 -.001724
grossw~e |   .0479698   .0240938     1.99   0.046   2.86167   .000747  .095193
     age |  -.0022326    .007355    -0.30   0.761   23.2233  -.016648  .012183
     men*|   .0100844    .035848     0.28   0.779   .322938  -.060176  .080345
---------+--------------------------------------------------------------------
  obs. P |   .5060362
 pred. P |   .5066243  (at x-bar)
------------------------------------------------------------------------------
(*) dF/dx is for discrete change of dummy variable from 0 to 1
    z and P>|z| correspond to the test of the underlying coefficient being 0

. *sample mean
. sum children married commute bedroom high_educ tenure grosswage age men

    Variable |        Obs        Mean    Std. Dev.       Min        Max
-------------+---------------------------------------------------------
    children |        994     .084507    .2782867          0          1
     married |        994    .1509054    .3581369          0          1
     commute |        994    80.55412    56.42939          2        300
     bedroom |        994    .6046278    .4891766          0          1
   high_educ |        994     .417505    .4933959          0          1
-------------+---------------------------------------------------------
      tenure |        994    25.00855    20.97657          0        113
   grosswage |        994    2.861672    .9332192     .53793     7.2532
         age |        994    23.22334    3.095398         17         35
         men |        994    .3229376    .4678345          0          1

. ****************************************************************************
> ********************************************************
. 
. log close
      name:  <unnamed>
       log:  \\Client\C$\Users\du\Documents\sp24\stat230a\final_project\wfh\da
> ta\WFH_august18.log
  log type:  text
 closed on:   5 May 2024, 22:39:52
------------------------------------------------------------------------------
